{"C:\\Users\\benit\\Documents\\exam2CI-4721\\stackInterpreter\\stack.js": {"path":"C:\\Users\\benit\\Documents\\exam2CI-4721\\stackInterpreter\\stack.js","statementMap":{"0":{"start":{"line":1,"column":15},"end":{"line":1,"column":39}},"1":{"start":{"line":2,"column":46},"end":{"line":2,"column":61}},"2":{"start":{"line":3,"column":12},"end":{"line":3,"column":14}},"3":{"start":{"line":4,"column":18},"end":{"line":4,"column":60}},"4":{"start":{"line":4,"column":27},"end":{"line":4,"column":60}},"5":{"start":{"line":5,"column":14},"end":{"line":5,"column":52}},"6":{"start":{"line":5,"column":23},"end":{"line":5,"column":52}},"7":{"start":{"line":6,"column":11},"end":{"line":6,"column":13}},"8":{"start":{"line":7,"column":10},"end":{"line":7,"column":12}},"9":{"start":{"line":8,"column":11},"end":{"line":8,"column":13}},"10":{"start":{"line":9,"column":16},"end":{"line":118,"column":1}},"11":{"start":{"line":12,"column":21},"end":{"line":12,"column":37}},"12":{"start":{"line":16,"column":21},"end":{"line":16,"column":38}},"13":{"start":{"line":20,"column":21},"end":{"line":20,"column":44}},"14":{"start":{"line":24,"column":21},"end":{"line":24,"column":43}},"15":{"start":{"line":28,"column":21},"end":{"line":28,"column":30}},"16":{"start":{"line":32,"column":21},"end":{"line":32,"column":31}},"17":{"start":{"line":36,"column":21},"end":{"line":36,"column":30}},"18":{"start":{"line":40,"column":18},"end":{"line":40,"column":29}},"19":{"start":{"line":44,"column":18},"end":{"line":44,"column":23}},"20":{"start":{"line":48,"column":18},"end":{"line":48,"column":23}},"21":{"start":{"line":52,"column":18},"end":{"line":52,"column":24}},"22":{"start":{"line":56,"column":18},"end":{"line":56,"column":23}},"23":{"start":{"line":60,"column":18},"end":{"line":60,"column":23}},"24":{"start":{"line":64,"column":18},"end":{"line":64,"column":22}},"25":{"start":{"line":68,"column":18},"end":{"line":68,"column":22}},"26":{"start":{"line":72,"column":18},"end":{"line":72,"column":22}},"27":{"start":{"line":76,"column":18},"end":{"line":76,"column":22}},"28":{"start":{"line":80,"column":18},"end":{"line":80,"column":22}},"29":{"start":{"line":84,"column":18},"end":{"line":84,"column":22}},"30":{"start":{"line":88,"column":18},"end":{"line":88,"column":28}},"31":{"start":{"line":92,"column":18},"end":{"line":92,"column":29}},"32":{"start":{"line":96,"column":18},"end":{"line":96,"column":33}},"33":{"start":{"line":100,"column":18},"end":{"line":100,"column":30}},"34":{"start":{"line":104,"column":20},"end":{"line":104,"column":30}},"35":{"start":{"line":108,"column":20},"end":{"line":108,"column":31}},"36":{"start":{"line":112,"column":20},"end":{"line":112,"column":28}},"37":{"start":{"line":116,"column":20},"end":{"line":116,"column":27}},"38":{"start":{"line":120,"column":17},"end":{"line":122,"column":1}},"39":{"start":{"line":121,"column":2},"end":{"line":121,"column":23}},"40":{"start":{"line":124,"column":17},"end":{"line":132,"column":1}},"41":{"start":{"line":125,"column":2},"end":{"line":130,"column":3}},"42":{"start":{"line":126,"column":4},"end":{"line":128,"column":6}},"43":{"start":{"line":129,"column":4},"end":{"line":129,"column":16}},"44":{"start":{"line":131,"column":2},"end":{"line":131,"column":21}},"45":{"start":{"line":134,"column":18},"end":{"line":143,"column":1}},"46":{"start":{"line":135,"column":2},"end":{"line":140,"column":3}},"47":{"start":{"line":136,"column":4},"end":{"line":138,"column":6}},"48":{"start":{"line":139,"column":4},"end":{"line":139,"column":16}},"49":{"start":{"line":142,"column":2},"end":{"line":142,"column":29}},"50":{"start":{"line":145,"column":18},"end":{"line":150,"column":1}},"51":{"start":{"line":146,"column":2},"end":{"line":148,"column":4}},"52":{"start":{"line":149,"column":2},"end":{"line":149,"column":18}},"53":{"start":{"line":152,"column":23},"end":{"line":160,"column":1}},"54":{"start":{"line":153,"column":2},"end":{"line":158,"column":3}},"55":{"start":{"line":154,"column":4},"end":{"line":156,"column":6}},"56":{"start":{"line":157,"column":4},"end":{"line":157,"column":17}},"57":{"start":{"line":159,"column":2},"end":{"line":159,"column":14}},"58":{"start":{"line":162,"column":13},"end":{"line":169,"column":1}},"59":{"start":{"line":163,"column":2},"end":{"line":163,"column":37}},"60":{"start":{"line":163,"column":30},"end":{"line":163,"column":37}},"61":{"start":{"line":164,"column":2},"end":{"line":168,"column":3}},"62":{"start":{"line":165,"column":4},"end":{"line":165,"column":33}},"63":{"start":{"line":167,"column":4},"end":{"line":167,"column":30}},"64":{"start":{"line":171,"column":12},"end":{"line":178,"column":1}},"65":{"start":{"line":172,"column":15},"end":{"line":172,"column":31}},"66":{"start":{"line":173,"column":2},"end":{"line":173,"column":20}},"67":{"start":{"line":173,"column":13},"end":{"line":173,"column":20}},"68":{"start":{"line":174,"column":2},"end":{"line":176,"column":3}},"69":{"start":{"line":174,"column":25},"end":{"line":174,"column":47}},"70":{"start":{"line":175,"column":4},"end":{"line":175,"column":28}},"71":{"start":{"line":177,"column":2},"end":{"line":177,"column":32}},"72":{"start":{"line":180,"column":12},"end":{"line":187,"column":1}},"73":{"start":{"line":181,"column":15},"end":{"line":181,"column":31}},"74":{"start":{"line":182,"column":2},"end":{"line":182,"column":20}},"75":{"start":{"line":182,"column":13},"end":{"line":182,"column":20}},"76":{"start":{"line":183,"column":2},"end":{"line":185,"column":3}},"77":{"start":{"line":183,"column":25},"end":{"line":183,"column":47}},"78":{"start":{"line":184,"column":4},"end":{"line":184,"column":28}},"79":{"start":{"line":186,"column":2},"end":{"line":186,"column":32}},"80":{"start":{"line":189,"column":13},"end":{"line":196,"column":1}},"81":{"start":{"line":190,"column":15},"end":{"line":190,"column":32}},"82":{"start":{"line":191,"column":2},"end":{"line":191,"column":20}},"83":{"start":{"line":191,"column":13},"end":{"line":191,"column":20}},"84":{"start":{"line":192,"column":2},"end":{"line":194,"column":3}},"85":{"start":{"line":192,"column":25},"end":{"line":192,"column":47}},"86":{"start":{"line":193,"column":4},"end":{"line":193,"column":29}},"87":{"start":{"line":195,"column":2},"end":{"line":195,"column":32}},"88":{"start":{"line":198,"column":12},"end":{"line":209,"column":1}},"89":{"start":{"line":199,"column":15},"end":{"line":199,"column":31}},"90":{"start":{"line":200,"column":2},"end":{"line":200,"column":20}},"91":{"start":{"line":200,"column":13},"end":{"line":200,"column":20}},"92":{"start":{"line":201,"column":2},"end":{"line":203,"column":3}},"93":{"start":{"line":201,"column":25},"end":{"line":201,"column":47}},"94":{"start":{"line":202,"column":4},"end":{"line":202,"column":28}},"95":{"start":{"line":204,"column":2},"end":{"line":207,"column":3}},"96":{"start":{"line":205,"column":4},"end":{"line":205,"column":46}},"97":{"start":{"line":206,"column":4},"end":{"line":206,"column":20}},"98":{"start":{"line":208,"column":2},"end":{"line":208,"column":42}},"99":{"start":{"line":211,"column":12},"end":{"line":218,"column":1}},"100":{"start":{"line":212,"column":15},"end":{"line":212,"column":31}},"101":{"start":{"line":213,"column":2},"end":{"line":213,"column":20}},"102":{"start":{"line":213,"column":13},"end":{"line":213,"column":20}},"103":{"start":{"line":214,"column":2},"end":{"line":216,"column":3}},"104":{"start":{"line":214,"column":25},"end":{"line":214,"column":51}},"105":{"start":{"line":215,"column":4},"end":{"line":215,"column":29}},"106":{"start":{"line":217,"column":2},"end":{"line":217,"column":33}},"107":{"start":{"line":220,"column":11},"end":{"line":227,"column":1}},"108":{"start":{"line":221,"column":15},"end":{"line":221,"column":30}},"109":{"start":{"line":222,"column":2},"end":{"line":222,"column":20}},"110":{"start":{"line":222,"column":13},"end":{"line":222,"column":20}},"111":{"start":{"line":223,"column":2},"end":{"line":225,"column":3}},"112":{"start":{"line":223,"column":25},"end":{"line":223,"column":51}},"113":{"start":{"line":224,"column":4},"end":{"line":224,"column":28}},"114":{"start":{"line":226,"column":2},"end":{"line":226,"column":33}},"115":{"start":{"line":229,"column":11},"end":{"line":236,"column":1}},"116":{"start":{"line":230,"column":15},"end":{"line":230,"column":30}},"117":{"start":{"line":231,"column":2},"end":{"line":231,"column":20}},"118":{"start":{"line":231,"column":13},"end":{"line":231,"column":20}},"119":{"start":{"line":232,"column":2},"end":{"line":234,"column":3}},"120":{"start":{"line":232,"column":25},"end":{"line":232,"column":47}},"121":{"start":{"line":233,"column":4},"end":{"line":233,"column":27}},"122":{"start":{"line":235,"column":2},"end":{"line":235,"column":32}},"123":{"start":{"line":238,"column":11},"end":{"line":245,"column":1}},"124":{"start":{"line":239,"column":15},"end":{"line":239,"column":30}},"125":{"start":{"line":240,"column":2},"end":{"line":240,"column":20}},"126":{"start":{"line":240,"column":13},"end":{"line":240,"column":20}},"127":{"start":{"line":241,"column":2},"end":{"line":243,"column":3}},"128":{"start":{"line":241,"column":25},"end":{"line":241,"column":47}},"129":{"start":{"line":242,"column":4},"end":{"line":242,"column":27}},"130":{"start":{"line":244,"column":2},"end":{"line":244,"column":33}},"131":{"start":{"line":246,"column":11},"end":{"line":253,"column":1}},"132":{"start":{"line":247,"column":15},"end":{"line":247,"column":30}},"133":{"start":{"line":248,"column":2},"end":{"line":248,"column":20}},"134":{"start":{"line":248,"column":13},"end":{"line":248,"column":20}},"135":{"start":{"line":249,"column":2},"end":{"line":251,"column":3}},"136":{"start":{"line":249,"column":25},"end":{"line":249,"column":47}},"137":{"start":{"line":250,"column":4},"end":{"line":250,"column":27}},"138":{"start":{"line":252,"column":2},"end":{"line":252,"column":32}},"139":{"start":{"line":254,"column":11},"end":{"line":261,"column":1}},"140":{"start":{"line":255,"column":15},"end":{"line":255,"column":30}},"141":{"start":{"line":256,"column":2},"end":{"line":256,"column":20}},"142":{"start":{"line":256,"column":13},"end":{"line":256,"column":20}},"143":{"start":{"line":257,"column":2},"end":{"line":259,"column":3}},"144":{"start":{"line":257,"column":25},"end":{"line":257,"column":47}},"145":{"start":{"line":258,"column":4},"end":{"line":258,"column":27}},"146":{"start":{"line":260,"column":2},"end":{"line":260,"column":33}},"147":{"start":{"line":263,"column":13},"end":{"line":282,"column":1}},"148":{"start":{"line":264,"column":15},"end":{"line":264,"column":30}},"149":{"start":{"line":265,"column":2},"end":{"line":265,"column":20}},"150":{"start":{"line":265,"column":13},"end":{"line":265,"column":20}},"151":{"start":{"line":266,"column":2},"end":{"line":276,"column":3}},"152":{"start":{"line":272,"column":4},"end":{"line":274,"column":6}},"153":{"start":{"line":275,"column":4},"end":{"line":275,"column":11}},"154":{"start":{"line":277,"column":2},"end":{"line":281,"column":3}},"155":{"start":{"line":278,"column":4},"end":{"line":278,"column":35}},"156":{"start":{"line":280,"column":4},"end":{"line":280,"column":35}},"157":{"start":{"line":284,"column":14},"end":{"line":297,"column":1}},"158":{"start":{"line":285,"column":14},"end":{"line":285,"column":24}},"159":{"start":{"line":286,"column":2},"end":{"line":296,"column":3}},"160":{"start":{"line":287,"column":4},"end":{"line":289,"column":5}},"161":{"start":{"line":288,"column":6},"end":{"line":288,"column":29}},"162":{"start":{"line":290,"column":4},"end":{"line":290,"column":25}},"163":{"start":{"line":292,"column":4},"end":{"line":294,"column":5}},"164":{"start":{"line":293,"column":6},"end":{"line":293,"column":30}},"165":{"start":{"line":295,"column":4},"end":{"line":295,"column":21}},"166":{"start":{"line":299,"column":15},"end":{"line":305,"column":1}},"167":{"start":{"line":300,"column":2},"end":{"line":303,"column":3}},"168":{"start":{"line":301,"column":4},"end":{"line":301,"column":48}},"169":{"start":{"line":302,"column":4},"end":{"line":302,"column":17}},"170":{"start":{"line":304,"column":2},"end":{"line":304,"column":14}},"171":{"start":{"line":307,"column":15},"end":{"line":311,"column":1}},"172":{"start":{"line":308,"column":2},"end":{"line":310,"column":3}},"173":{"start":{"line":309,"column":4},"end":{"line":309,"column":29}},"174":{"start":{"line":313,"column":16},"end":{"line":322,"column":1}},"175":{"start":{"line":314,"column":2},"end":{"line":321,"column":3}},"176":{"start":{"line":315,"column":4},"end":{"line":315,"column":24}},"177":{"start":{"line":317,"column":16},"end":{"line":317,"column":24}},"178":{"start":{"line":318,"column":4},"end":{"line":318,"column":18}},"179":{"start":{"line":319,"column":4},"end":{"line":319,"column":26}},"180":{"start":{"line":320,"column":4},"end":{"line":320,"column":20}},"181":{"start":{"line":324,"column":13},"end":{"line":335,"column":1}},"182":{"start":{"line":325,"column":16},"end":{"line":325,"column":69}},"183":{"start":{"line":326,"column":2},"end":{"line":326,"column":37}},"184":{"start":{"line":326,"column":30},"end":{"line":326,"column":37}},"185":{"start":{"line":327,"column":14},"end":{"line":327,"column":22}},"186":{"start":{"line":328,"column":2},"end":{"line":334,"column":3}},"187":{"start":{"line":329,"column":4},"end":{"line":329,"column":18}},"188":{"start":{"line":330,"column":4},"end":{"line":330,"column":33}},"189":{"start":{"line":332,"column":4},"end":{"line":332,"column":18}},"190":{"start":{"line":333,"column":4},"end":{"line":333,"column":30}},"191":{"start":{"line":337,"column":14},"end":{"line":345,"column":1}},"192":{"start":{"line":338,"column":15},"end":{"line":338,"column":30}},"193":{"start":{"line":339,"column":2},"end":{"line":339,"column":20}},"194":{"start":{"line":339,"column":13},"end":{"line":339,"column":20}},"195":{"start":{"line":340,"column":2},"end":{"line":343,"column":3}},"196":{"start":{"line":341,"column":4},"end":{"line":341,"column":73}},"197":{"start":{"line":342,"column":4},"end":{"line":342,"column":11}},"198":{"start":{"line":344,"column":2},"end":{"line":344,"column":30}},"199":{"start":{"line":347,"column":14},"end":{"line":351,"column":1}},"200":{"start":{"line":348,"column":2},"end":{"line":350,"column":3}},"201":{"start":{"line":349,"column":4},"end":{"line":349,"column":30}},"202":{"start":{"line":353,"column":16},"end":{"line":355,"column":1}},"203":{"start":{"line":354,"column":2},"end":{"line":354,"column":19}},"204":{"start":{"line":357,"column":17},"end":{"line":363,"column":1}},"205":{"start":{"line":358,"column":2},"end":{"line":361,"column":3}},"206":{"start":{"line":359,"column":4},"end":{"line":359,"column":55}},"207":{"start":{"line":360,"column":4},"end":{"line":360,"column":16}},"208":{"start":{"line":362,"column":2},"end":{"line":362,"column":15}},"209":{"start":{"line":365,"column":16},"end":{"line":379,"column":1}},"210":{"start":{"line":366,"column":12},"end":{"line":366,"column":32}},"211":{"start":{"line":367,"column":15},"end":{"line":367,"column":28}},"212":{"start":{"line":368,"column":2},"end":{"line":378,"column":3}},"213":{"start":{"line":369,"column":4},"end":{"line":374,"column":5}},"214":{"start":{"line":370,"column":6},"end":{"line":372,"column":8}},"215":{"start":{"line":373,"column":6},"end":{"line":373,"column":13}},"216":{"start":{"line":375,"column":4},"end":{"line":375,"column":22}},"217":{"start":{"line":377,"column":4},"end":{"line":377,"column":18}},"218":{"start":{"line":381,"column":13},"end":{"line":386,"column":1}},"219":{"start":{"line":382,"column":2},"end":{"line":384,"column":3}},"220":{"start":{"line":383,"column":4},"end":{"line":383,"column":11}},"221":{"start":{"line":385,"column":2},"end":{"line":385,"column":15}},"222":{"start":{"line":388,"column":20},"end":{"line":410,"column":1}},"223":{"start":{"line":389,"column":2},"end":{"line":391,"column":3}},"224":{"start":{"line":390,"column":4},"end":{"line":390,"column":11}},"225":{"start":{"line":393,"column":2},"end":{"line":397,"column":3}},"226":{"start":{"line":394,"column":4},"end":{"line":394,"column":29}},"227":{"start":{"line":396,"column":4},"end":{"line":396,"column":30}},"228":{"start":{"line":398,"column":2},"end":{"line":398,"column":19}},"229":{"start":{"line":398,"column":12},"end":{"line":398,"column":19}},"230":{"start":{"line":399,"column":2},"end":{"line":409,"column":3}},"231":{"start":{"line":400,"column":4},"end":{"line":408,"column":5}},"232":{"start":{"line":401,"column":6},"end":{"line":403,"column":7}},"233":{"start":{"line":402,"column":8},"end":{"line":402,"column":21}},"234":{"start":{"line":405,"column":6},"end":{"line":407,"column":7}},"235":{"start":{"line":406,"column":8},"end":{"line":406,"column":21}},"236":{"start":{"line":412,"column":14},"end":{"line":417,"column":1}},"237":{"start":{"line":413,"column":2},"end":{"line":413,"column":13}},"238":{"start":{"line":414,"column":2},"end":{"line":414,"column":12}},"239":{"start":{"line":415,"column":2},"end":{"line":415,"column":12}},"240":{"start":{"line":416,"column":2},"end":{"line":416,"column":11}},"241":{"start":{"line":419,"column":13},"end":{"line":421,"column":1}},"242":{"start":{"line":420,"column":2},"end":{"line":420,"column":18}},"243":{"start":{"line":423,"column":0},"end":{"line":431,"column":2}}},"fnMap":{"0":{"name":"(anonymous_0)","decl":{"start":{"line":4,"column":18},"end":{"line":4,"column":19}},"loc":{"start":{"line":4,"column":27},"end":{"line":4,"column":60}},"line":4},"1":{"name":"(anonymous_1)","decl":{"start":{"line":5,"column":14},"end":{"line":5,"column":15}},"loc":{"start":{"line":5,"column":23},"end":{"line":5,"column":52}},"line":5},"2":{"name":"(anonymous_2)","decl":{"start":{"line":12,"column":12},"end":{"line":12,"column":13}},"loc":{"start":{"line":12,"column":21},"end":{"line":12,"column":37}},"line":12},"3":{"name":"(anonymous_3)","decl":{"start":{"line":16,"column":12},"end":{"line":16,"column":13}},"loc":{"start":{"line":16,"column":21},"end":{"line":16,"column":38}},"line":16},"4":{"name":"(anonymous_4)","decl":{"start":{"line":20,"column":12},"end":{"line":20,"column":13}},"loc":{"start":{"line":20,"column":21},"end":{"line":20,"column":44}},"line":20},"5":{"name":"(anonymous_5)","decl":{"start":{"line":24,"column":12},"end":{"line":24,"column":13}},"loc":{"start":{"line":24,"column":21},"end":{"line":24,"column":43}},"line":24},"6":{"name":"(anonymous_6)","decl":{"start":{"line":28,"column":12},"end":{"line":28,"column":13}},"loc":{"start":{"line":28,"column":21},"end":{"line":28,"column":30}},"line":28},"7":{"name":"(anonymous_7)","decl":{"start":{"line":32,"column":12},"end":{"line":32,"column":13}},"loc":{"start":{"line":32,"column":21},"end":{"line":32,"column":31}},"line":32},"8":{"name":"(anonymous_8)","decl":{"start":{"line":36,"column":12},"end":{"line":36,"column":13}},"loc":{"start":{"line":36,"column":21},"end":{"line":36,"column":30}},"line":36},"9":{"name":"(anonymous_9)","decl":{"start":{"line":40,"column":12},"end":{"line":40,"column":13}},"loc":{"start":{"line":40,"column":18},"end":{"line":40,"column":29}},"line":40},"10":{"name":"(anonymous_10)","decl":{"start":{"line":44,"column":12},"end":{"line":44,"column":13}},"loc":{"start":{"line":44,"column":18},"end":{"line":44,"column":23}},"line":44},"11":{"name":"(anonymous_11)","decl":{"start":{"line":48,"column":12},"end":{"line":48,"column":13}},"loc":{"start":{"line":48,"column":18},"end":{"line":48,"column":23}},"line":48},"12":{"name":"(anonymous_12)","decl":{"start":{"line":52,"column":12},"end":{"line":52,"column":13}},"loc":{"start":{"line":52,"column":18},"end":{"line":52,"column":24}},"line":52},"13":{"name":"(anonymous_13)","decl":{"start":{"line":56,"column":12},"end":{"line":56,"column":13}},"loc":{"start":{"line":56,"column":18},"end":{"line":56,"column":23}},"line":56},"14":{"name":"(anonymous_14)","decl":{"start":{"line":60,"column":12},"end":{"line":60,"column":13}},"loc":{"start":{"line":60,"column":18},"end":{"line":60,"column":23}},"line":60},"15":{"name":"(anonymous_15)","decl":{"start":{"line":64,"column":12},"end":{"line":64,"column":13}},"loc":{"start":{"line":64,"column":18},"end":{"line":64,"column":22}},"line":64},"16":{"name":"(anonymous_16)","decl":{"start":{"line":68,"column":12},"end":{"line":68,"column":13}},"loc":{"start":{"line":68,"column":18},"end":{"line":68,"column":22}},"line":68},"17":{"name":"(anonymous_17)","decl":{"start":{"line":72,"column":12},"end":{"line":72,"column":13}},"loc":{"start":{"line":72,"column":18},"end":{"line":72,"column":22}},"line":72},"18":{"name":"(anonymous_18)","decl":{"start":{"line":76,"column":12},"end":{"line":76,"column":13}},"loc":{"start":{"line":76,"column":18},"end":{"line":76,"column":22}},"line":76},"19":{"name":"(anonymous_19)","decl":{"start":{"line":80,"column":12},"end":{"line":80,"column":13}},"loc":{"start":{"line":80,"column":18},"end":{"line":80,"column":22}},"line":80},"20":{"name":"(anonymous_20)","decl":{"start":{"line":84,"column":12},"end":{"line":84,"column":13}},"loc":{"start":{"line":84,"column":18},"end":{"line":84,"column":22}},"line":84},"21":{"name":"(anonymous_21)","decl":{"start":{"line":88,"column":12},"end":{"line":88,"column":13}},"loc":{"start":{"line":88,"column":18},"end":{"line":88,"column":28}},"line":88},"22":{"name":"(anonymous_22)","decl":{"start":{"line":92,"column":12},"end":{"line":92,"column":13}},"loc":{"start":{"line":92,"column":18},"end":{"line":92,"column":29}},"line":92},"23":{"name":"(anonymous_23)","decl":{"start":{"line":96,"column":12},"end":{"line":96,"column":13}},"loc":{"start":{"line":96,"column":18},"end":{"line":96,"column":33}},"line":96},"24":{"name":"(anonymous_24)","decl":{"start":{"line":100,"column":12},"end":{"line":100,"column":13}},"loc":{"start":{"line":100,"column":18},"end":{"line":100,"column":30}},"line":100},"25":{"name":"(anonymous_25)","decl":{"start":{"line":104,"column":12},"end":{"line":104,"column":13}},"loc":{"start":{"line":104,"column":20},"end":{"line":104,"column":30}},"line":104},"26":{"name":"(anonymous_26)","decl":{"start":{"line":108,"column":12},"end":{"line":108,"column":13}},"loc":{"start":{"line":108,"column":20},"end":{"line":108,"column":31}},"line":108},"27":{"name":"(anonymous_27)","decl":{"start":{"line":112,"column":12},"end":{"line":112,"column":13}},"loc":{"start":{"line":112,"column":20},"end":{"line":112,"column":28}},"line":112},"28":{"name":"(anonymous_28)","decl":{"start":{"line":116,"column":12},"end":{"line":116,"column":13}},"loc":{"start":{"line":116,"column":20},"end":{"line":116,"column":27}},"line":116},"29":{"name":"(anonymous_29)","decl":{"start":{"line":120,"column":17},"end":{"line":120,"column":18}},"loc":{"start":{"line":120,"column":25},"end":{"line":122,"column":1}},"line":120},"30":{"name":"(anonymous_30)","decl":{"start":{"line":124,"column":17},"end":{"line":124,"column":18}},"loc":{"start":{"line":124,"column":27},"end":{"line":132,"column":1}},"line":124},"31":{"name":"(anonymous_31)","decl":{"start":{"line":134,"column":18},"end":{"line":134,"column":19}},"loc":{"start":{"line":134,"column":28},"end":{"line":143,"column":1}},"line":134},"32":{"name":"(anonymous_32)","decl":{"start":{"line":145,"column":18},"end":{"line":145,"column":19}},"loc":{"start":{"line":145,"column":34},"end":{"line":150,"column":1}},"line":145},"33":{"name":"(anonymous_33)","decl":{"start":{"line":152,"column":23},"end":{"line":152,"column":24}},"loc":{"start":{"line":152,"column":34},"end":{"line":160,"column":1}},"line":152},"34":{"name":"(anonymous_34)","decl":{"start":{"line":162,"column":13},"end":{"line":162,"column":14}},"loc":{"start":{"line":162,"column":24},"end":{"line":169,"column":1}},"line":162},"35":{"name":"(anonymous_35)","decl":{"start":{"line":171,"column":12},"end":{"line":171,"column":13}},"loc":{"start":{"line":171,"column":18},"end":{"line":178,"column":1}},"line":171},"36":{"name":"(anonymous_36)","decl":{"start":{"line":174,"column":16},"end":{"line":174,"column":17}},"loc":{"start":{"line":174,"column":25},"end":{"line":174,"column":47}},"line":174},"37":{"name":"(anonymous_37)","decl":{"start":{"line":180,"column":12},"end":{"line":180,"column":13}},"loc":{"start":{"line":180,"column":18},"end":{"line":187,"column":1}},"line":180},"38":{"name":"(anonymous_38)","decl":{"start":{"line":183,"column":16},"end":{"line":183,"column":17}},"loc":{"start":{"line":183,"column":25},"end":{"line":183,"column":47}},"line":183},"39":{"name":"(anonymous_39)","decl":{"start":{"line":189,"column":13},"end":{"line":189,"column":14}},"loc":{"start":{"line":189,"column":19},"end":{"line":196,"column":1}},"line":189},"40":{"name":"(anonymous_40)","decl":{"start":{"line":192,"column":16},"end":{"line":192,"column":17}},"loc":{"start":{"line":192,"column":25},"end":{"line":192,"column":47}},"line":192},"41":{"name":"(anonymous_41)","decl":{"start":{"line":198,"column":12},"end":{"line":198,"column":13}},"loc":{"start":{"line":198,"column":18},"end":{"line":209,"column":1}},"line":198},"42":{"name":"(anonymous_42)","decl":{"start":{"line":201,"column":16},"end":{"line":201,"column":17}},"loc":{"start":{"line":201,"column":25},"end":{"line":201,"column":47}},"line":201},"43":{"name":"(anonymous_43)","decl":{"start":{"line":211,"column":12},"end":{"line":211,"column":13}},"loc":{"start":{"line":211,"column":18},"end":{"line":218,"column":1}},"line":211},"44":{"name":"(anonymous_44)","decl":{"start":{"line":214,"column":16},"end":{"line":214,"column":17}},"loc":{"start":{"line":214,"column":25},"end":{"line":214,"column":51}},"line":214},"45":{"name":"(anonymous_45)","decl":{"start":{"line":220,"column":11},"end":{"line":220,"column":12}},"loc":{"start":{"line":220,"column":17},"end":{"line":227,"column":1}},"line":220},"46":{"name":"(anonymous_46)","decl":{"start":{"line":223,"column":16},"end":{"line":223,"column":17}},"loc":{"start":{"line":223,"column":25},"end":{"line":223,"column":51}},"line":223},"47":{"name":"(anonymous_47)","decl":{"start":{"line":229,"column":11},"end":{"line":229,"column":12}},"loc":{"start":{"line":229,"column":17},"end":{"line":236,"column":1}},"line":229},"48":{"name":"(anonymous_48)","decl":{"start":{"line":232,"column":16},"end":{"line":232,"column":17}},"loc":{"start":{"line":232,"column":25},"end":{"line":232,"column":47}},"line":232},"49":{"name":"(anonymous_49)","decl":{"start":{"line":238,"column":11},"end":{"line":238,"column":12}},"loc":{"start":{"line":238,"column":17},"end":{"line":245,"column":1}},"line":238},"50":{"name":"(anonymous_50)","decl":{"start":{"line":241,"column":16},"end":{"line":241,"column":17}},"loc":{"start":{"line":241,"column":25},"end":{"line":241,"column":47}},"line":241},"51":{"name":"(anonymous_51)","decl":{"start":{"line":246,"column":11},"end":{"line":246,"column":12}},"loc":{"start":{"line":246,"column":17},"end":{"line":253,"column":1}},"line":246},"52":{"name":"(anonymous_52)","decl":{"start":{"line":249,"column":16},"end":{"line":249,"column":17}},"loc":{"start":{"line":249,"column":25},"end":{"line":249,"column":47}},"line":249},"53":{"name":"(anonymous_53)","decl":{"start":{"line":254,"column":11},"end":{"line":254,"column":12}},"loc":{"start":{"line":254,"column":17},"end":{"line":261,"column":1}},"line":254},"54":{"name":"(anonymous_54)","decl":{"start":{"line":257,"column":16},"end":{"line":257,"column":17}},"loc":{"start":{"line":257,"column":25},"end":{"line":257,"column":47}},"line":257},"55":{"name":"(anonymous_55)","decl":{"start":{"line":263,"column":13},"end":{"line":263,"column":14}},"loc":{"start":{"line":263,"column":23},"end":{"line":282,"column":1}},"line":263},"56":{"name":"(anonymous_56)","decl":{"start":{"line":284,"column":14},"end":{"line":284,"column":15}},"loc":{"start":{"line":284,"column":24},"end":{"line":297,"column":1}},"line":284},"57":{"name":"(anonymous_57)","decl":{"start":{"line":299,"column":15},"end":{"line":299,"column":16}},"loc":{"start":{"line":299,"column":23},"end":{"line":305,"column":1}},"line":299},"58":{"name":"(anonymous_58)","decl":{"start":{"line":307,"column":15},"end":{"line":307,"column":16}},"loc":{"start":{"line":307,"column":23},"end":{"line":311,"column":1}},"line":307},"59":{"name":"(anonymous_59)","decl":{"start":{"line":313,"column":16},"end":{"line":313,"column":17}},"loc":{"start":{"line":313,"column":24},"end":{"line":322,"column":1}},"line":313},"60":{"name":"(anonymous_60)","decl":{"start":{"line":324,"column":13},"end":{"line":324,"column":14}},"loc":{"start":{"line":324,"column":21},"end":{"line":335,"column":1}},"line":324},"61":{"name":"(anonymous_61)","decl":{"start":{"line":337,"column":14},"end":{"line":337,"column":15}},"loc":{"start":{"line":337,"column":20},"end":{"line":345,"column":1}},"line":337},"62":{"name":"(anonymous_62)","decl":{"start":{"line":347,"column":14},"end":{"line":347,"column":15}},"loc":{"start":{"line":347,"column":22},"end":{"line":351,"column":1}},"line":347},"63":{"name":"(anonymous_63)","decl":{"start":{"line":353,"column":16},"end":{"line":353,"column":17}},"loc":{"start":{"line":353,"column":31},"end":{"line":355,"column":1}},"line":353},"64":{"name":"(anonymous_64)","decl":{"start":{"line":357,"column":17},"end":{"line":357,"column":18}},"loc":{"start":{"line":357,"column":26},"end":{"line":363,"column":1}},"line":357},"65":{"name":"(anonymous_65)","decl":{"start":{"line":365,"column":16},"end":{"line":365,"column":17}},"loc":{"start":{"line":365,"column":25},"end":{"line":379,"column":1}},"line":365},"66":{"name":"(anonymous_66)","decl":{"start":{"line":381,"column":13},"end":{"line":381,"column":14}},"loc":{"start":{"line":381,"column":22},"end":{"line":386,"column":1}},"line":381},"67":{"name":"(anonymous_67)","decl":{"start":{"line":388,"column":20},"end":{"line":388,"column":21}},"loc":{"start":{"line":388,"column":40},"end":{"line":410,"column":1}},"line":388},"68":{"name":"(anonymous_68)","decl":{"start":{"line":412,"column":14},"end":{"line":412,"column":15}},"loc":{"start":{"line":412,"column":20},"end":{"line":417,"column":1}},"line":412},"69":{"name":"(anonymous_69)","decl":{"start":{"line":419,"column":13},"end":{"line":419,"column":14}},"loc":{"start":{"line":419,"column":19},"end":{"line":421,"column":1}},"line":419}},"branchMap":{"0":{"loc":{"start":{"line":4,"column":27},"end":{"line":4,"column":60}},"type":"binary-expr","locations":[{"start":{"line":4,"column":27},"end":{"line":4,"column":41}},{"start":{"line":4,"column":45},"end":{"line":4,"column":60}}],"line":4},"1":{"loc":{"start":{"line":125,"column":2},"end":{"line":130,"column":3}},"type":"if","locations":[{"start":{"line":125,"column":2},"end":{"line":130,"column":3}},{"start":{"line":125,"column":2},"end":{"line":130,"column":3}}],"line":125},"2":{"loc":{"start":{"line":135,"column":2},"end":{"line":140,"column":3}},"type":"if","locations":[{"start":{"line":135,"column":2},"end":{"line":140,"column":3}},{"start":{"line":135,"column":2},"end":{"line":140,"column":3}}],"line":135},"3":{"loc":{"start":{"line":153,"column":2},"end":{"line":158,"column":3}},"type":"if","locations":[{"start":{"line":153,"column":2},"end":{"line":158,"column":3}},{"start":{"line":153,"column":2},"end":{"line":158,"column":3}}],"line":153},"4":{"loc":{"start":{"line":153,"column":8},"end":{"line":153,"column":40}},"type":"binary-expr","locations":[{"start":{"line":153,"column":8},"end":{"line":153,"column":24}},{"start":{"line":153,"column":28},"end":{"line":153,"column":40}}],"line":153},"5":{"loc":{"start":{"line":163,"column":2},"end":{"line":163,"column":37}},"type":"if","locations":[{"start":{"line":163,"column":2},"end":{"line":163,"column":37}},{"start":{"line":163,"column":2},"end":{"line":163,"column":37}}],"line":163},"6":{"loc":{"start":{"line":164,"column":2},"end":{"line":168,"column":3}},"type":"if","locations":[{"start":{"line":164,"column":2},"end":{"line":168,"column":3}},{"start":{"line":164,"column":2},"end":{"line":168,"column":3}}],"line":164},"7":{"loc":{"start":{"line":173,"column":2},"end":{"line":173,"column":20}},"type":"if","locations":[{"start":{"line":173,"column":2},"end":{"line":173,"column":20}},{"start":{"line":173,"column":2},"end":{"line":173,"column":20}}],"line":173},"8":{"loc":{"start":{"line":174,"column":2},"end":{"line":176,"column":3}},"type":"if","locations":[{"start":{"line":174,"column":2},"end":{"line":176,"column":3}},{"start":{"line":174,"column":2},"end":{"line":176,"column":3}}],"line":174},"9":{"loc":{"start":{"line":182,"column":2},"end":{"line":182,"column":20}},"type":"if","locations":[{"start":{"line":182,"column":2},"end":{"line":182,"column":20}},{"start":{"line":182,"column":2},"end":{"line":182,"column":20}}],"line":182},"10":{"loc":{"start":{"line":183,"column":2},"end":{"line":185,"column":3}},"type":"if","locations":[{"start":{"line":183,"column":2},"end":{"line":185,"column":3}},{"start":{"line":183,"column":2},"end":{"line":185,"column":3}}],"line":183},"11":{"loc":{"start":{"line":191,"column":2},"end":{"line":191,"column":20}},"type":"if","locations":[{"start":{"line":191,"column":2},"end":{"line":191,"column":20}},{"start":{"line":191,"column":2},"end":{"line":191,"column":20}}],"line":191},"12":{"loc":{"start":{"line":192,"column":2},"end":{"line":194,"column":3}},"type":"if","locations":[{"start":{"line":192,"column":2},"end":{"line":194,"column":3}},{"start":{"line":192,"column":2},"end":{"line":194,"column":3}}],"line":192},"13":{"loc":{"start":{"line":200,"column":2},"end":{"line":200,"column":20}},"type":"if","locations":[{"start":{"line":200,"column":2},"end":{"line":200,"column":20}},{"start":{"line":200,"column":2},"end":{"line":200,"column":20}}],"line":200},"14":{"loc":{"start":{"line":201,"column":2},"end":{"line":203,"column":3}},"type":"if","locations":[{"start":{"line":201,"column":2},"end":{"line":203,"column":3}},{"start":{"line":201,"column":2},"end":{"line":203,"column":3}}],"line":201},"15":{"loc":{"start":{"line":204,"column":2},"end":{"line":207,"column":3}},"type":"if","locations":[{"start":{"line":204,"column":2},"end":{"line":207,"column":3}},{"start":{"line":204,"column":2},"end":{"line":207,"column":3}}],"line":204},"16":{"loc":{"start":{"line":213,"column":2},"end":{"line":213,"column":20}},"type":"if","locations":[{"start":{"line":213,"column":2},"end":{"line":213,"column":20}},{"start":{"line":213,"column":2},"end":{"line":213,"column":20}}],"line":213},"17":{"loc":{"start":{"line":214,"column":2},"end":{"line":216,"column":3}},"type":"if","locations":[{"start":{"line":214,"column":2},"end":{"line":216,"column":3}},{"start":{"line":214,"column":2},"end":{"line":216,"column":3}}],"line":214},"18":{"loc":{"start":{"line":217,"column":13},"end":{"line":217,"column":31}},"type":"binary-expr","locations":[{"start":{"line":217,"column":13},"end":{"line":217,"column":20}},{"start":{"line":217,"column":24},"end":{"line":217,"column":31}}],"line":217},"19":{"loc":{"start":{"line":222,"column":2},"end":{"line":222,"column":20}},"type":"if","locations":[{"start":{"line":222,"column":2},"end":{"line":222,"column":20}},{"start":{"line":222,"column":2},"end":{"line":222,"column":20}}],"line":222},"20":{"loc":{"start":{"line":223,"column":2},"end":{"line":225,"column":3}},"type":"if","locations":[{"start":{"line":223,"column":2},"end":{"line":225,"column":3}},{"start":{"line":223,"column":2},"end":{"line":225,"column":3}}],"line":223},"21":{"loc":{"start":{"line":226,"column":13},"end":{"line":226,"column":31}},"type":"binary-expr","locations":[{"start":{"line":226,"column":13},"end":{"line":226,"column":20}},{"start":{"line":226,"column":24},"end":{"line":226,"column":31}}],"line":226},"22":{"loc":{"start":{"line":231,"column":2},"end":{"line":231,"column":20}},"type":"if","locations":[{"start":{"line":231,"column":2},"end":{"line":231,"column":20}},{"start":{"line":231,"column":2},"end":{"line":231,"column":20}}],"line":231},"23":{"loc":{"start":{"line":232,"column":2},"end":{"line":234,"column":3}},"type":"if","locations":[{"start":{"line":232,"column":2},"end":{"line":234,"column":3}},{"start":{"line":232,"column":2},"end":{"line":234,"column":3}}],"line":232},"24":{"loc":{"start":{"line":240,"column":2},"end":{"line":240,"column":20}},"type":"if","locations":[{"start":{"line":240,"column":2},"end":{"line":240,"column":20}},{"start":{"line":240,"column":2},"end":{"line":240,"column":20}}],"line":240},"25":{"loc":{"start":{"line":241,"column":2},"end":{"line":243,"column":3}},"type":"if","locations":[{"start":{"line":241,"column":2},"end":{"line":243,"column":3}},{"start":{"line":241,"column":2},"end":{"line":243,"column":3}}],"line":241},"26":{"loc":{"start":{"line":248,"column":2},"end":{"line":248,"column":20}},"type":"if","locations":[{"start":{"line":248,"column":2},"end":{"line":248,"column":20}},{"start":{"line":248,"column":2},"end":{"line":248,"column":20}}],"line":248},"27":{"loc":{"start":{"line":249,"column":2},"end":{"line":251,"column":3}},"type":"if","locations":[{"start":{"line":249,"column":2},"end":{"line":251,"column":3}},{"start":{"line":249,"column":2},"end":{"line":251,"column":3}}],"line":249},"28":{"loc":{"start":{"line":256,"column":2},"end":{"line":256,"column":20}},"type":"if","locations":[{"start":{"line":256,"column":2},"end":{"line":256,"column":20}},{"start":{"line":256,"column":2},"end":{"line":256,"column":20}}],"line":256},"29":{"loc":{"start":{"line":257,"column":2},"end":{"line":259,"column":3}},"type":"if","locations":[{"start":{"line":257,"column":2},"end":{"line":259,"column":3}},{"start":{"line":257,"column":2},"end":{"line":259,"column":3}}],"line":257},"30":{"loc":{"start":{"line":265,"column":2},"end":{"line":265,"column":20}},"type":"if","locations":[{"start":{"line":265,"column":2},"end":{"line":265,"column":20}},{"start":{"line":265,"column":2},"end":{"line":265,"column":20}}],"line":265},"31":{"loc":{"start":{"line":266,"column":2},"end":{"line":276,"column":3}},"type":"if","locations":[{"start":{"line":266,"column":2},"end":{"line":276,"column":3}},{"start":{"line":266,"column":2},"end":{"line":276,"column":3}}],"line":266},"32":{"loc":{"start":{"line":268,"column":6},"end":{"line":269,"column":62}},"type":"binary-expr","locations":[{"start":{"line":268,"column":7},"end":{"line":268,"column":34}},{"start":{"line":268,"column":38},"end":{"line":268,"column":65}},{"start":{"line":269,"column":7},"end":{"line":269,"column":32}},{"start":{"line":269,"column":36},"end":{"line":269,"column":61}}],"line":268},"33":{"loc":{"start":{"line":277,"column":2},"end":{"line":281,"column":3}},"type":"if","locations":[{"start":{"line":277,"column":2},"end":{"line":281,"column":3}},{"start":{"line":277,"column":2},"end":{"line":281,"column":3}}],"line":277},"34":{"loc":{"start":{"line":286,"column":2},"end":{"line":296,"column":3}},"type":"if","locations":[{"start":{"line":286,"column":2},"end":{"line":296,"column":3}},{"start":{"line":286,"column":2},"end":{"line":296,"column":3}}],"line":286},"35":{"loc":{"start":{"line":287,"column":4},"end":{"line":289,"column":5}},"type":"if","locations":[{"start":{"line":287,"column":4},"end":{"line":289,"column":5}},{"start":{"line":287,"column":4},"end":{"line":289,"column":5}}],"line":287},"36":{"loc":{"start":{"line":292,"column":4},"end":{"line":294,"column":5}},"type":"if","locations":[{"start":{"line":292,"column":4},"end":{"line":294,"column":5}},{"start":{"line":292,"column":4},"end":{"line":294,"column":5}}],"line":292},"37":{"loc":{"start":{"line":300,"column":2},"end":{"line":303,"column":3}},"type":"if","locations":[{"start":{"line":300,"column":2},"end":{"line":303,"column":3}},{"start":{"line":300,"column":2},"end":{"line":303,"column":3}}],"line":300},"38":{"loc":{"start":{"line":308,"column":2},"end":{"line":310,"column":3}},"type":"if","locations":[{"start":{"line":308,"column":2},"end":{"line":310,"column":3}},{"start":{"line":308,"column":2},"end":{"line":310,"column":3}}],"line":308},"39":{"loc":{"start":{"line":314,"column":2},"end":{"line":321,"column":3}},"type":"if","locations":[{"start":{"line":314,"column":2},"end":{"line":321,"column":3}},{"start":{"line":314,"column":2},"end":{"line":321,"column":3}}],"line":314},"40":{"loc":{"start":{"line":326,"column":2},"end":{"line":326,"column":37}},"type":"if","locations":[{"start":{"line":326,"column":2},"end":{"line":326,"column":37}},{"start":{"line":326,"column":2},"end":{"line":326,"column":37}}],"line":326},"41":{"loc":{"start":{"line":328,"column":2},"end":{"line":334,"column":3}},"type":"if","locations":[{"start":{"line":328,"column":2},"end":{"line":334,"column":3}},{"start":{"line":328,"column":2},"end":{"line":334,"column":3}}],"line":328},"42":{"loc":{"start":{"line":339,"column":2},"end":{"line":339,"column":20}},"type":"if","locations":[{"start":{"line":339,"column":2},"end":{"line":339,"column":20}},{"start":{"line":339,"column":2},"end":{"line":339,"column":20}}],"line":339},"43":{"loc":{"start":{"line":340,"column":2},"end":{"line":343,"column":3}},"type":"if","locations":[{"start":{"line":340,"column":2},"end":{"line":343,"column":3}},{"start":{"line":340,"column":2},"end":{"line":343,"column":3}}],"line":340},"44":{"loc":{"start":{"line":348,"column":2},"end":{"line":350,"column":3}},"type":"if","locations":[{"start":{"line":348,"column":2},"end":{"line":350,"column":3}},{"start":{"line":348,"column":2},"end":{"line":350,"column":3}}],"line":348},"45":{"loc":{"start":{"line":358,"column":2},"end":{"line":361,"column":3}},"type":"if","locations":[{"start":{"line":358,"column":2},"end":{"line":361,"column":3}},{"start":{"line":358,"column":2},"end":{"line":361,"column":3}}],"line":358},"46":{"loc":{"start":{"line":368,"column":2},"end":{"line":378,"column":3}},"type":"if","locations":[{"start":{"line":368,"column":2},"end":{"line":378,"column":3}},{"start":{"line":368,"column":2},"end":{"line":378,"column":3}}],"line":368},"47":{"loc":{"start":{"line":369,"column":4},"end":{"line":374,"column":5}},"type":"if","locations":[{"start":{"line":369,"column":4},"end":{"line":374,"column":5}},{"start":{"line":369,"column":4},"end":{"line":374,"column":5}}],"line":369},"48":{"loc":{"start":{"line":382,"column":2},"end":{"line":384,"column":3}},"type":"if","locations":[{"start":{"line":382,"column":2},"end":{"line":384,"column":3}},{"start":{"line":382,"column":2},"end":{"line":384,"column":3}}],"line":382},"49":{"loc":{"start":{"line":389,"column":2},"end":{"line":391,"column":3}},"type":"if","locations":[{"start":{"line":389,"column":2},"end":{"line":391,"column":3}},{"start":{"line":389,"column":2},"end":{"line":391,"column":3}}],"line":389},"50":{"loc":{"start":{"line":393,"column":2},"end":{"line":397,"column":3}},"type":"if","locations":[{"start":{"line":393,"column":2},"end":{"line":397,"column":3}},{"start":{"line":393,"column":2},"end":{"line":397,"column":3}}],"line":393},"51":{"loc":{"start":{"line":398,"column":2},"end":{"line":398,"column":19}},"type":"if","locations":[{"start":{"line":398,"column":2},"end":{"line":398,"column":19}},{"start":{"line":398,"column":2},"end":{"line":398,"column":19}}],"line":398},"52":{"loc":{"start":{"line":399,"column":2},"end":{"line":409,"column":3}},"type":"if","locations":[{"start":{"line":399,"column":2},"end":{"line":409,"column":3}},{"start":{"line":399,"column":2},"end":{"line":409,"column":3}}],"line":399},"53":{"loc":{"start":{"line":400,"column":4},"end":{"line":408,"column":5}},"type":"if","locations":[{"start":{"line":400,"column":4},"end":{"line":408,"column":5}},{"start":{"line":400,"column":4},"end":{"line":408,"column":5}}],"line":400},"54":{"loc":{"start":{"line":401,"column":6},"end":{"line":403,"column":7}},"type":"if","locations":[{"start":{"line":401,"column":6},"end":{"line":403,"column":7}},{"start":{"line":401,"column":6},"end":{"line":403,"column":7}}],"line":401},"55":{"loc":{"start":{"line":405,"column":6},"end":{"line":407,"column":7}},"type":"if","locations":[{"start":{"line":405,"column":6},"end":{"line":407,"column":7}},{"start":{"line":405,"column":6},"end":{"line":407,"column":7}}],"line":405}},"s":{"0":1,"1":1,"2":1,"3":1,"4":2,"5":1,"6":1,"7":1,"8":1,"9":1,"10":1,"11":0,"12":0,"13":0,"14":0,"15":0,"16":0,"17":1,"18":0,"19":0,"20":0,"21":0,"22":0,"23":0,"24":0,"25":0,"26":0,"27":0,"28":0,"29":0,"30":0,"31":0,"32":0,"33":0,"34":0,"35":0,"36":0,"37":0,"38":1,"39":0,"40":1,"41":0,"42":0,"43":0,"44":0,"45":1,"46":0,"47":0,"48":0,"49":0,"50":1,"51":0,"52":0,"53":1,"54":1,"55":0,"56":0,"57":1,"58":1,"59":1,"60":0,"61":1,"62":0,"63":1,"64":1,"65":0,"66":0,"67":0,"68":0,"69":0,"70":0,"71":0,"72":1,"73":0,"74":0,"75":0,"76":0,"77":0,"78":0,"79":0,"80":1,"81":0,"82":0,"83":0,"84":0,"85":0,"86":0,"87":0,"88":1,"89":0,"90":0,"91":0,"92":0,"93":0,"94":0,"95":0,"96":0,"97":0,"98":0,"99":1,"100":0,"101":0,"102":0,"103":0,"104":0,"105":0,"106":0,"107":1,"108":0,"109":0,"110":0,"111":0,"112":0,"113":0,"114":0,"115":1,"116":0,"117":0,"118":0,"119":0,"120":0,"121":0,"122":0,"123":1,"124":0,"125":0,"126":0,"127":0,"128":0,"129":0,"130":0,"131":1,"132":0,"133":0,"134":0,"135":0,"136":0,"137":0,"138":0,"139":1,"140":0,"141":0,"142":0,"143":0,"144":0,"145":0,"146":0,"147":1,"148":0,"149":0,"150":0,"151":0,"152":0,"153":0,"154":0,"155":0,"156":0,"157":1,"158":0,"159":0,"160":0,"161":0,"162":0,"163":0,"164":0,"165":0,"166":1,"167":0,"168":0,"169":0,"170":0,"171":1,"172":0,"173":0,"174":1,"175":0,"176":0,"177":0,"178":0,"179":0,"180":0,"181":1,"182":0,"183":0,"184":0,"185":0,"186":0,"187":0,"188":0,"189":0,"190":0,"191":1,"192":0,"193":0,"194":0,"195":0,"196":0,"197":0,"198":0,"199":1,"200":0,"201":0,"202":1,"203":0,"204":1,"205":0,"206":0,"207":0,"208":0,"209":1,"210":0,"211":0,"212":0,"213":0,"214":0,"215":0,"216":0,"217":0,"218":1,"219":0,"220":0,"221":0,"222":1,"223":0,"224":0,"225":0,"226":0,"227":0,"228":0,"229":0,"230":0,"231":0,"232":0,"233":0,"234":0,"235":0,"236":1,"237":0,"238":0,"239":0,"240":0,"241":1,"242":0,"243":1},"f":{"0":2,"1":1,"2":0,"3":0,"4":0,"5":0,"6":0,"7":0,"8":1,"9":0,"10":0,"11":0,"12":0,"13":0,"14":0,"15":0,"16":0,"17":0,"18":0,"19":0,"20":0,"21":0,"22":0,"23":0,"24":0,"25":0,"26":0,"27":0,"28":0,"29":0,"30":0,"31":0,"32":0,"33":1,"34":1,"35":0,"36":0,"37":0,"38":0,"39":0,"40":0,"41":0,"42":0,"43":0,"44":0,"45":0,"46":0,"47":0,"48":0,"49":0,"50":0,"51":0,"52":0,"53":0,"54":0,"55":0,"56":0,"57":0,"58":0,"59":0,"60":0,"61":0,"62":0,"63":0,"64":0,"65":0,"66":0,"67":0,"68":0,"69":0},"b":{"0":[2,2],"1":[0,0],"2":[0,0],"3":[0,1],"4":[1,1],"5":[0,1],"6":[0,1],"7":[0,0],"8":[0,0],"9":[0,0],"10":[0,0],"11":[0,0],"12":[0,0],"13":[0,0],"14":[0,0],"15":[0,0],"16":[0,0],"17":[0,0],"18":[0,0],"19":[0,0],"20":[0,0],"21":[0,0],"22":[0,0],"23":[0,0],"24":[0,0],"25":[0,0],"26":[0,0],"27":[0,0],"28":[0,0],"29":[0,0],"30":[0,0],"31":[0,0],"32":[0,0,0,0],"33":[0,0],"34":[0,0],"35":[0,0],"36":[0,0],"37":[0,0],"38":[0,0],"39":[0,0],"40":[0,0],"41":[0,0],"42":[0,0],"43":[0,0],"44":[0,0],"45":[0,0],"46":[0,0],"47":[0,0],"48":[0,0],"49":[0,0],"50":[0,0],"51":[0,0],"52":[0,0],"53":[0,0],"54":[0,0],"55":[0,0]},"_coverageSchema":"1a1c01bbd47fc00a2c39e90264f33305004495a9","hash":"d83bce0477363a54aa31ded192516d5b65efdf21"}
}
