TN:
SF:stack.js
FN:4,(anonymous_0)
FN:5,(anonymous_1)
FN:12,(anonymous_2)
FN:16,(anonymous_3)
FN:20,(anonymous_4)
FN:24,(anonymous_5)
FN:28,(anonymous_6)
FN:32,(anonymous_7)
FN:36,(anonymous_8)
FN:40,(anonymous_9)
FN:44,(anonymous_10)
FN:48,(anonymous_11)
FN:52,(anonymous_12)
FN:56,(anonymous_13)
FN:60,(anonymous_14)
FN:64,(anonymous_15)
FN:68,(anonymous_16)
FN:72,(anonymous_17)
FN:76,(anonymous_18)
FN:80,(anonymous_19)
FN:84,(anonymous_20)
FN:88,(anonymous_21)
FN:92,(anonymous_22)
FN:96,(anonymous_23)
FN:100,(anonymous_24)
FN:104,(anonymous_25)
FN:108,(anonymous_26)
FN:112,(anonymous_27)
FN:116,(anonymous_28)
FN:120,(anonymous_29)
FN:124,(anonymous_30)
FN:134,(anonymous_31)
FN:145,(anonymous_32)
FN:152,(anonymous_33)
FN:162,(anonymous_34)
FN:171,(anonymous_35)
FN:174,(anonymous_36)
FN:180,(anonymous_37)
FN:183,(anonymous_38)
FN:189,(anonymous_39)
FN:192,(anonymous_40)
FN:198,(anonymous_41)
FN:201,(anonymous_42)
FN:211,(anonymous_43)
FN:214,(anonymous_44)
FN:220,(anonymous_45)
FN:223,(anonymous_46)
FN:229,(anonymous_47)
FN:232,(anonymous_48)
FN:238,(anonymous_49)
FN:241,(anonymous_50)
FN:246,(anonymous_51)
FN:249,(anonymous_52)
FN:254,(anonymous_53)
FN:257,(anonymous_54)
FN:263,(anonymous_55)
FN:284,(anonymous_56)
FN:299,(anonymous_57)
FN:307,(anonymous_58)
FN:313,(anonymous_59)
FN:324,(anonymous_60)
FN:337,(anonymous_61)
FN:347,(anonymous_62)
FN:353,(anonymous_63)
FN:357,(anonymous_64)
FN:365,(anonymous_65)
FN:381,(anonymous_66)
FN:388,(anonymous_67)
FN:412,(anonymous_68)
FN:419,(anonymous_69)
FNF:70
FNH:5
FNDA:2,(anonymous_0)
FNDA:1,(anonymous_1)
FNDA:0,(anonymous_2)
FNDA:0,(anonymous_3)
FNDA:0,(anonymous_4)
FNDA:0,(anonymous_5)
FNDA:0,(anonymous_6)
FNDA:0,(anonymous_7)
FNDA:1,(anonymous_8)
FNDA:0,(anonymous_9)
FNDA:0,(anonymous_10)
FNDA:0,(anonymous_11)
FNDA:0,(anonymous_12)
FNDA:0,(anonymous_13)
FNDA:0,(anonymous_14)
FNDA:0,(anonymous_15)
FNDA:0,(anonymous_16)
FNDA:0,(anonymous_17)
FNDA:0,(anonymous_18)
FNDA:0,(anonymous_19)
FNDA:0,(anonymous_20)
FNDA:0,(anonymous_21)
FNDA:0,(anonymous_22)
FNDA:0,(anonymous_23)
FNDA:0,(anonymous_24)
FNDA:0,(anonymous_25)
FNDA:0,(anonymous_26)
FNDA:0,(anonymous_27)
FNDA:0,(anonymous_28)
FNDA:0,(anonymous_29)
FNDA:0,(anonymous_30)
FNDA:0,(anonymous_31)
FNDA:0,(anonymous_32)
FNDA:1,(anonymous_33)
FNDA:1,(anonymous_34)
FNDA:0,(anonymous_35)
FNDA:0,(anonymous_36)
FNDA:0,(anonymous_37)
FNDA:0,(anonymous_38)
FNDA:0,(anonymous_39)
FNDA:0,(anonymous_40)
FNDA:0,(anonymous_41)
FNDA:0,(anonymous_42)
FNDA:0,(anonymous_43)
FNDA:0,(anonymous_44)
FNDA:0,(anonymous_45)
FNDA:0,(anonymous_46)
FNDA:0,(anonymous_47)
FNDA:0,(anonymous_48)
FNDA:0,(anonymous_49)
FNDA:0,(anonymous_50)
FNDA:0,(anonymous_51)
FNDA:0,(anonymous_52)
FNDA:0,(anonymous_53)
FNDA:0,(anonymous_54)
FNDA:0,(anonymous_55)
FNDA:0,(anonymous_56)
FNDA:0,(anonymous_57)
FNDA:0,(anonymous_58)
FNDA:0,(anonymous_59)
FNDA:0,(anonymous_60)
FNDA:0,(anonymous_61)
FNDA:0,(anonymous_62)
FNDA:0,(anonymous_63)
FNDA:0,(anonymous_64)
FNDA:0,(anonymous_65)
FNDA:0,(anonymous_66)
FNDA:0,(anonymous_67)
FNDA:0,(anonymous_68)
FNDA:0,(anonymous_69)
DA:1,1
DA:2,1
DA:3,1
DA:4,2
DA:5,1
DA:6,1
DA:7,1
DA:8,1
DA:9,1
DA:12,0
DA:16,0
DA:20,0
DA:24,0
DA:28,0
DA:32,0
DA:36,1
DA:40,0
DA:44,0
DA:48,0
DA:52,0
DA:56,0
DA:60,0
DA:64,0
DA:68,0
DA:72,0
DA:76,0
DA:80,0
DA:84,0
DA:88,0
DA:92,0
DA:96,0
DA:100,0
DA:104,0
DA:108,0
DA:112,0
DA:116,0
DA:120,1
DA:121,0
DA:124,1
DA:125,0
DA:126,0
DA:129,0
DA:131,0
DA:134,1
DA:135,0
DA:136,0
DA:139,0
DA:142,0
DA:145,1
DA:146,0
DA:149,0
DA:152,1
DA:153,1
DA:154,0
DA:157,0
DA:159,1
DA:162,1
DA:163,1
DA:164,1
DA:165,0
DA:167,1
DA:171,1
DA:172,0
DA:173,0
DA:174,0
DA:175,0
DA:177,0
DA:180,1
DA:181,0
DA:182,0
DA:183,0
DA:184,0
DA:186,0
DA:189,1
DA:190,0
DA:191,0
DA:192,0
DA:193,0
DA:195,0
DA:198,1
DA:199,0
DA:200,0
DA:201,0
DA:202,0
DA:204,0
DA:205,0
DA:206,0
DA:208,0
DA:211,1
DA:212,0
DA:213,0
DA:214,0
DA:215,0
DA:217,0
DA:220,1
DA:221,0
DA:222,0
DA:223,0
DA:224,0
DA:226,0
DA:229,1
DA:230,0
DA:231,0
DA:232,0
DA:233,0
DA:235,0
DA:238,1
DA:239,0
DA:240,0
DA:241,0
DA:242,0
DA:244,0
DA:246,1
DA:247,0
DA:248,0
DA:249,0
DA:250,0
DA:252,0
DA:254,1
DA:255,0
DA:256,0
DA:257,0
DA:258,0
DA:260,0
DA:263,1
DA:264,0
DA:265,0
DA:266,0
DA:272,0
DA:275,0
DA:277,0
DA:278,0
DA:280,0
DA:284,1
DA:285,0
DA:286,0
DA:287,0
DA:288,0
DA:290,0
DA:292,0
DA:293,0
DA:295,0
DA:299,1
DA:300,0
DA:301,0
DA:302,0
DA:304,0
DA:307,1
DA:308,0
DA:309,0
DA:313,1
DA:314,0
DA:315,0
DA:317,0
DA:318,0
DA:319,0
DA:320,0
DA:324,1
DA:325,0
DA:326,0
DA:327,0
DA:328,0
DA:329,0
DA:330,0
DA:332,0
DA:333,0
DA:337,1
DA:338,0
DA:339,0
DA:340,0
DA:341,0
DA:342,0
DA:344,0
DA:347,1
DA:348,0
DA:349,0
DA:353,1
DA:354,0
DA:357,1
DA:358,0
DA:359,0
DA:360,0
DA:362,0
DA:365,1
DA:366,0
DA:367,0
DA:368,0
DA:369,0
DA:370,0
DA:373,0
DA:375,0
DA:377,0
DA:381,1
DA:382,0
DA:383,0
DA:385,0
DA:388,1
DA:389,0
DA:390,0
DA:393,0
DA:394,0
DA:396,0
DA:398,0
DA:399,0
DA:400,0
DA:401,0
DA:402,0
DA:405,0
DA:406,0
DA:412,1
DA:413,0
DA:414,0
DA:415,0
DA:416,0
DA:419,1
DA:420,0
DA:423,1
LF:217
LH:47
BRDA:4,0,0,2
BRDA:4,0,1,2
BRDA:125,1,0,0
BRDA:125,1,1,0
BRDA:135,2,0,0
BRDA:135,2,1,0
BRDA:153,3,0,0
BRDA:153,3,1,1
BRDA:153,4,0,1
BRDA:153,4,1,1
BRDA:163,5,0,0
BRDA:163,5,1,1
BRDA:164,6,0,0
BRDA:164,6,1,1
BRDA:173,7,0,0
BRDA:173,7,1,0
BRDA:174,8,0,0
BRDA:174,8,1,0
BRDA:182,9,0,0
BRDA:182,9,1,0
BRDA:183,10,0,0
BRDA:183,10,1,0
BRDA:191,11,0,0
BRDA:191,11,1,0
BRDA:192,12,0,0
BRDA:192,12,1,0
BRDA:200,13,0,0
BRDA:200,13,1,0
BRDA:201,14,0,0
BRDA:201,14,1,0
BRDA:204,15,0,0
BRDA:204,15,1,0
BRDA:213,16,0,0
BRDA:213,16,1,0
BRDA:214,17,0,0
BRDA:214,17,1,0
BRDA:217,18,0,0
BRDA:217,18,1,0
BRDA:222,19,0,0
BRDA:222,19,1,0
BRDA:223,20,0,0
BRDA:223,20,1,0
BRDA:226,21,0,0
BRDA:226,21,1,0
BRDA:231,22,0,0
BRDA:231,22,1,0
BRDA:232,23,0,0
BRDA:232,23,1,0
BRDA:240,24,0,0
BRDA:240,24,1,0
BRDA:241,25,0,0
BRDA:241,25,1,0
BRDA:248,26,0,0
BRDA:248,26,1,0
BRDA:249,27,0,0
BRDA:249,27,1,0
BRDA:256,28,0,0
BRDA:256,28,1,0
BRDA:257,29,0,0
BRDA:257,29,1,0
BRDA:265,30,0,0
BRDA:265,30,1,0
BRDA:266,31,0,0
BRDA:266,31,1,0
BRDA:268,32,0,0
BRDA:268,32,1,0
BRDA:268,32,2,0
BRDA:268,32,3,0
BRDA:277,33,0,0
BRDA:277,33,1,0
BRDA:286,34,0,0
BRDA:286,34,1,0
BRDA:287,35,0,0
BRDA:287,35,1,0
BRDA:292,36,0,0
BRDA:292,36,1,0
BRDA:300,37,0,0
BRDA:300,37,1,0
BRDA:308,38,0,0
BRDA:308,38,1,0
BRDA:314,39,0,0
BRDA:314,39,1,0
BRDA:326,40,0,0
BRDA:326,40,1,0
BRDA:328,41,0,0
BRDA:328,41,1,0
BRDA:339,42,0,0
BRDA:339,42,1,0
BRDA:340,43,0,0
BRDA:340,43,1,0
BRDA:348,44,0,0
BRDA:348,44,1,0
BRDA:358,45,0,0
BRDA:358,45,1,0
BRDA:368,46,0,0
BRDA:368,46,1,0
BRDA:369,47,0,0
BRDA:369,47,1,0
BRDA:382,48,0,0
BRDA:382,48,1,0
BRDA:389,49,0,0
BRDA:389,49,1,0
BRDA:393,50,0,0
BRDA:393,50,1,0
BRDA:398,51,0,0
BRDA:398,51,1,0
BRDA:399,52,0,0
BRDA:399,52,1,0
BRDA:400,53,0,0
BRDA:400,53,1,0
BRDA:401,54,0,0
BRDA:401,54,1,0
BRDA:405,55,0,0
BRDA:405,55,1,0
BRF:114
BRH:7
end_of_record
